#
# A fatal error has been detected by the Java Runtime Environment:
#
#  SIGSEGV (0xb) at pc=0x00007fff92394097, pid=2438, tid=52751
#
# JRE version: Java(TM) SE Runtime Environment (8.0_11-b12) (build 1.8.0_11-b12)
# Java VM: Java HotSpot(TM) 64-Bit Server VM (25.11-b03 mixed mode bsd-amd64 compressed oops)
# Problematic frame:
# C  [libobjc.A.dylib+0x5097]  objc_msgSend+0x17
#
# Failed to write core dump. Core dumps have been disabled. To enable core dumping, try "ulimit -c unlimited" before starting Java again
#
# If you would like to submit a bug report, please visit:
#   http://bugreport.sun.com/bugreport/crash.jsp
# The crash happened outside the Java Virtual Machine in native code.
# See problematic frame for where to report the bug.
#

---------------  T H R E A D  ---------------

Current thread (0x00007ff2bb95b000):  JavaThread "AWT-EventQueue-0" [_thread_in_native, id=52751, stack(0x0000000129534000,0x0000000129634000)]

siginfo:si_signo=SIGSEGV: si_errno=0, si_code=0 (SEGV0), si_addr=0x0000000000000000

Registers:
RAX=0xc000000000000000, RBX=0x00007fff7b92ecf0, RCX=0x0000000000000012, RDX=0x00007fff7ce3a7d8
RSP=0x00000001296319c8, RBP=0x0000000129631a10, RSI=0x00007fff903abb01, RDI=0x00007ff2bb6292a0
R8 =0xffffffffffffffff, R9 =0x000000000000000d, R10=0x00007fff903abb01, R11=0xc000000000000000
R12=0x0000000000000000, R13=0x000000012090d130, R14=0x00007fff7ce3a7d8, R15=0x00007ff2bb6292a0
RIP=0x00007fff92394097, EFLAGS=0x0000000000010246, ERR=0x0000000000000000
  TRAPNO=0x000000000000000d

Top of Stack: (sp=0x00000001296319c8)
0x00000001296319c8:   00007fff8ded5b11 00007ff2bb6690f0
0x00000001296319d8:   00007ff2bb64a8f0 0000000000000008
0x00000001296319e8:   0000000000000008 0000000129631a30
0x00000001296319f8:   0000000000000000 0000000000000000
0x0000000129631a08:   00007ff2bb6292e0 0000000129631a30
0x0000000129631a18:   00007fff960eef4b 0000000000000000
0x0000000129631a28:   0000000000000000 0000000129631b00
0x0000000129631a38:   0000000122c96b40 042730c0bcab2038
0x0000000129631a48:   00007ff2bb95b1e0 00007ff2bcab2038
0x0000000129631a58:   0000000000000009 00000500208875e0
0x0000000129631a68:   0000002000000320 0000000000000000
0x0000000129631a78:   00007ff2bb6690f0 0000000129631a98
0x0000000129631a88:   0000000129631ae8 000000010e8c7ed0
0x0000000129631a98:   00000007ab097208 0000000000000320
0x0000000129631aa8:   0000000129631aa8 00000001208873fb
0x0000000129631ab8:   0000000129631b00 00000001208875e0
0x0000000129631ac8:   0000000000000000 0000000120887438
0x0000000129631ad8:   000000012090d130 0000000000000000
0x0000000129631ae8:   000000012090d130 0000000129631bc0
0x0000000129631af8:   00007ff2bb95b000 0000000129631b80
0x0000000129631b08:   000000010e8d566e 0000000100000000
0x0000000129631b18:   0000000129631b60 00000001208875e0
0x0000000129631b28:   0000000000000000 00000001208874e0
0x0000000129631b38:   0000000000000000 0000000129631b40
0x0000000129631b48:   0000000000000000 0000000129631bc0
0x0000000129631b58:   000000012090f2b8 0000000000000000
0x0000000129631b68:   000000012090d130 0000000000000000
0x0000000129631b78:   0000000129631ba0 0000000129631c08
0x0000000129631b88:   000000010e8c82e0 00000007800ecae8
0x0000000129631b98:   000000010e8cfc18 0000000000000000
0x0000000129631ba8:   0000000000000020 0000000000000320
0x0000000129631bb8:   0000000000000500 00000000042730c0 

Instructions: (pc=0x00007fff92394097)
0x00007fff92394077:   90 90 90 90 90 90 90 90 90 48 85 ff 2e 74 72 40
0x00007fff92394087:   f6 c7 01 2e 0f 85 7e 00 00 00 4c 8b 1f 49 89 f2
0x00007fff92394097:   45 23 53 18 49 c1 e2 04 4d 03 53 10 49 3b 32 75
0x00007fff923940a7:   04 41 ff 62 08 49 83 3a 00 74 74 4d 3b 53 10 74 

Register to memory mapping:

RAX=0xc000000000000000 is an unknown value
RBX=0x00007fff7b92ecf0: OBJC_CLASS_$___NSCFDictionary+0 in /System/Library/Frameworks/CoreFoundation.framework/Versions/A/CoreFoundation at 0x00007fff8decc000
RCX=0x0000000000000012 is an unknown value
RDX=0x00007fff7ce3a7d8: load_vtable.once+0x29d0 in /System/Library/Frameworks/CoreGraphics.framework/Versions/A/CoreGraphics at 0x00007fff95d49000
RSP=0x00000001296319c8 is pointing into the stack for thread: 0x00007ff2bb95b000
RBP=0x0000000129631a10 is pointing into the stack for thread: 0x00007ff2bb95b000
RSI=0x00007fff903abb01: NSAppKitVersionNumber+0x4f1 in /System/Library/Frameworks/AppKit.framework/Versions/C/AppKit at 0x00007fff8f95b000
RDI=0x00007ff2bb6292a0 is an unknown value
R8 =0xffffffffffffffff is an unknown value
R9 =0x000000000000000d is an unknown value
R10=0x00007fff903abb01: NSAppKitVersionNumber+0x4f1 in /System/Library/Frameworks/AppKit.framework/Versions/C/AppKit at 0x00007fff8f95b000
R11=0xc000000000000000 is an unknown value
R12=0x0000000000000000 is an unknown value
R13=0x000000012090d130 is an unknown value
R14=0x00007fff7ce3a7d8: load_vtable.once+0x29d0 in /System/Library/Frameworks/CoreGraphics.framework/Versions/A/CoreGraphics at 0x00007fff95d49000
R15=0x00007ff2bb6292a0 is an unknown value


Stack: [0x0000000129534000,0x0000000129634000],  sp=0x00000001296319c8,  free space=1014k
Native frames: (J=compiled Java code, j=interpreted, Vv=VM code, C=native code)
C  [libobjc.A.dylib+0x5097]  objc_msgSend+0x17
C  [CoreGraphics+0x3a5f4b]  CGDisplayModeCopyPixelEncoding+0x24
C  [libawt_lwawt.dylib+0x1bb40]  Java_sun_awt_CGraphicsDevice_nativeSetDisplayMode+0x98
j  sun.awt.CGraphicsDevice.nativeSetDisplayMode(IIIII)V+0
j  sun.awt.CGraphicsDevice.setDisplayMode(Ljava/awt/DisplayMode;)V+45
j  sun.awt.CGraphicsDevice.setFullScreenWindow(Ljava/awt/Window;)V+40
j  java.awt.Window$1DisposeAction.run()V+33
j  java.awt.event.InvocationEvent.dispatch()V+11
j  java.awt.EventQueue.dispatchEventImpl(Ljava/awt/AWTEvent;Ljava/lang/Object;)V+21
j  java.awt.EventQueue.access$400(Ljava/awt/EventQueue;Ljava/awt/AWTEvent;Ljava/lang/Object;)V+3
j  java.awt.EventQueue$3.run()Ljava/lang/Void;+32
J 1521 C1 java.awt.EventQueue$3.run()Ljava/lang/Object; (5 bytes) @ 0x000000010eea43c4 [0x000000010eea4340+0x84]
v  ~StubRoutines::call_stub
V  [libjvm.dylib+0x2c5d36]
V  [libjvm.dylib+0x31b4c2]
J 1432  java.security.AccessController.doPrivileged(Ljava/security/PrivilegedAction;Ljava/security/AccessControlContext;)Ljava/lang/Object; (0 bytes) @ 0x000000010ee69d15 [0x000000010ee69c40+0xd5]
J 1449 C1 java.security.ProtectionDomain$1.doIntersectionPrivilege(Ljava/security/PrivilegedAction;Ljava/security/AccessControlContext;Ljava/security/AccessControlContext;)Ljava/lang/Object; (32 bytes) @ 0x000000010ee72e14 [0x000000010ee72b20+0x2f4]
J 1525 C1 java.awt.EventQueue$4.run()Ljava/lang/Object; (5 bytes) @ 0x000000010eec6e3c [0x000000010eec6a60+0x3dc]
v  ~StubRoutines::call_stub
V  [libjvm.dylib+0x2c5d36]
V  [libjvm.dylib+0x31b4c2]
J 1432  java.security.AccessController.doPrivileged(Ljava/security/PrivilegedAction;Ljava/security/AccessControlContext;)Ljava/lang/Object; (0 bytes) @ 0x000000010ee69d15 [0x000000010ee69c40+0xd5]
J 1519 C1 java.awt.EventQueue.dispatchEvent(Ljava/awt/AWTEvent;)V (80 bytes) @ 0x000000010eea57e4 [0x000000010eea4bc0+0xc24]
j  java.awt.EventDispatchThread.pumpOneEventForFilters(I)V+245
j  java.awt.EventDispatchThread.pumpEventsForFilter(ILjava/awt/Conditional;Ljava/awt/EventFilter;)V+35
j  java.awt.EventDispatchThread.pumpEventsForHierarchy(ILjava/awt/Conditional;Ljava/awt/Component;)V+11
j  java.awt.EventDispatchThread.pumpEvents(ILjava/awt/Conditional;)V+4
j  java.awt.EventDispatchThread.pumpEvents(Ljava/awt/Conditional;)V+3
j  java.awt.EventDispatchThread.run()V+9
v  ~StubRoutines::call_stub
V  [libjvm.dylib+0x2c5d36]
V  [libjvm.dylib+0x2c64c4]
V  [libjvm.dylib+0x2c6670]
V  [libjvm.dylib+0x315e57]
V  [libjvm.dylib+0x51d86d]
V  [libjvm.dylib+0x51efaa]
V  [libjvm.dylib+0x446026]
C  [libsystem_pthread.dylib+0x1899]  _pthread_body+0x8a
C  [libsystem_pthread.dylib+0x172a]  _pthread_struct_init+0x0
C  [libsystem_pthread.dylib+0x5fc9]  thread_start+0xd

Java frames: (J=compiled Java code, j=interpreted, Vv=VM code)
j  sun.awt.CGraphicsDevice.nativeSetDisplayMode(IIIII)V+0
j  sun.awt.CGraphicsDevice.setDisplayMode(Ljava/awt/DisplayMode;)V+45
j  sun.awt.CGraphicsDevice.setFullScreenWindow(Ljava/awt/Window;)V+40
j  java.awt.Window$1DisposeAction.run()V+33
j  java.awt.event.InvocationEvent.dispatch()V+11
j  java.awt.EventQueue.dispatchEventImpl(Ljava/awt/AWTEvent;Ljava/lang/Object;)V+21
j  java.awt.EventQueue.access$400(Ljava/awt/EventQueue;Ljava/awt/AWTEvent;Ljava/lang/Object;)V+3
j  java.awt.EventQueue$3.run()Ljava/lang/Void;+32
J 1521 C1 java.awt.EventQueue$3.run()Ljava/lang/Object; (5 bytes) @ 0x000000010eea43c4 [0x000000010eea4340+0x84]
v  ~StubRoutines::call_stub
J 1432  java.security.AccessController.doPrivileged(Ljava/security/PrivilegedAction;Ljava/security/AccessControlContext;)Ljava/lang/Object; (0 bytes) @ 0x000000010ee69ca3 [0x000000010ee69c40+0x63]
J 1449 C1 java.security.ProtectionDomain$1.doIntersectionPrivilege(Ljava/security/PrivilegedAction;Ljava/security/AccessControlContext;Ljava/security/AccessControlContext;)Ljava/lang/Object; (32 bytes) @ 0x000000010ee72e14 [0x000000010ee72b20+0x2f4]
J 1525 C1 java.awt.EventQueue$4.run()Ljava/lang/Object; (5 bytes) @ 0x000000010eec6e3c [0x000000010eec6a60+0x3dc]
v  ~StubRoutines::call_stub
J 1432  java.security.AccessController.doPrivileged(Ljava/security/PrivilegedAction;Ljava/security/AccessControlContext;)Ljava/lang/Object; (0 bytes) @ 0x000000010ee69ca3 [0x000000010ee69c40+0x63]
J 1519 C1 java.awt.EventQueue.dispatchEvent(Ljava/awt/AWTEvent;)V (80 bytes) @ 0x000000010eea57e4 [0x000000010eea4bc0+0xc24]
j  java.awt.EventDispatchThread.pumpOneEventForFilters(I)V+245
j  java.awt.EventDispatchThread.pumpEventsForFilter(ILjava/awt/Conditional;Ljava/awt/EventFilter;)V+35
j  java.awt.EventDispatchThread.pumpEventsForHierarchy(ILjava/awt/Conditional;Ljava/awt/Component;)V+11
j  java.awt.EventDispatchThread.pumpEvents(ILjava/awt/Conditional;)V+4
j  java.awt.EventDispatchThread.pumpEvents(Ljava/awt/Conditional;)V+3
j  java.awt.EventDispatchThread.run()V+9
v  ~StubRoutines::call_stub

---------------  P R O C E S S  ---------------

Java Threads: ( => current thread )
  0x00007ff2bd2ca000 JavaThread "Java Sound Event Dispatcher" daemon [_thread_blocked, id=75267, stack(0x000000012b810000,0x000000012b910000)]
  0x00007ff2bc966000 JavaThread "Java Sound Event Dispatcher" daemon [_thread_blocked, id=71687, stack(0x000000012ad6a000,0x000000012ae6a000)]
  0x00007ff2bba1c000 JavaThread "Timer-0" daemon [_thread_blocked, id=53311, stack(0x000000012a3a7000,0x000000012a4a7000)]
=>0x00007ff2bb95b000 JavaThread "AWT-EventQueue-0" [_thread_in_native, id=52751, stack(0x0000000129534000,0x0000000129634000)]
  0x00007ff2bca4a800 JavaThread "Java2D Disposer" daemon [_thread_blocked, id=48691, stack(0x0000000127c03000,0x0000000127d03000)]
  0x00007ff2bc9e4000 JavaThread "Java2D Queue Flusher" daemon [_thread_blocked, id=47371, stack(0x0000000126ea1000,0x0000000126fa1000)]
  0x00007ff2bb883000 JavaThread "AWT-Shutdown" [_thread_blocked, id=28683, stack(0x0000000124511000,0x0000000124611000)]
  0x00007ff2bc04e000 JavaThread "AppKit Thread" daemon [_thread_in_native, id=3335, stack(0x00007fff524e4000,0x00007fff52ce4000)]
  0x00007ff2bd020800 JavaThread "Service Thread" daemon [_thread_blocked, id=19715, stack(0x00000001228b1000,0x00000001229b1000)]
  0x00007ff2bd01d800 JavaThread "C1 CompilerThread2" daemon [_thread_blocked, id=19203, stack(0x00000001227ae000,0x00000001228ae000)]
  0x00007ff2bd014800 JavaThread "C2 CompilerThread1" daemon [_thread_blocked, id=18691, stack(0x00000001226ab000,0x00000001227ab000)]
  0x00007ff2bb840800 JavaThread "C2 CompilerThread0" daemon [_thread_blocked, id=18179, stack(0x00000001225a8000,0x00000001226a8000)]
  0x00007ff2bb835000 JavaThread "Signal Dispatcher" daemon [_thread_blocked, id=17667, stack(0x00000001224a5000,0x00000001225a5000)]
  0x00007ff2bc81d800 JavaThread "Finalizer" daemon [_thread_blocked, id=12547, stack(0x000000012226e000,0x000000012236e000)]
  0x00007ff2bb834000 JavaThread "Reference Handler" daemon [_thread_blocked, id=12035, stack(0x000000012216b000,0x000000012226b000)]
  0x00007ff2bc008000 JavaThread "main" [_thread_blocked, id=6403, stack(0x000000010d031000,0x000000010d131000)]

Other Threads:
  0x00007ff2bc81d000 VMThread [stack: 0x0000000122068000,0x0000000122168000] [id=11523]
  0x00007ff2bc81f000 WatcherThread [stack: 0x00000001229b4000,0x0000000122ab4000] [id=20227]

VM state:not at safepoint (normal execution)

VM Mutex/Monitor currently owned by a thread: None

Heap:
 PSYoungGen      total 10752K, used 5831K [0x00000007aab00000, 0x00000007ab680000, 0x00000007c0000000)
  eden space 10240K, 56% used [0x00000007aab00000,0x00000007ab0a1d98,0x00000007ab500000)
  from space 512K, 12% used [0x00000007ab600000,0x00000007ab610000,0x00000007ab680000)
  to   space 512K, 0% used [0x00000007ab580000,0x00000007ab580000,0x00000007ab600000)
 ParOldGen       total 64000K, used 12383K [0x0000000780000000, 0x0000000783e80000, 0x00000007aab00000)
  object space 64000K, 19% used [0x0000000780000000,0x0000000780c17fd8,0x0000000783e80000)
 Metaspace       used 10326K, capacity 10418K, committed 10496K, reserved 1058816K
  class space    used 1220K, capacity 1280K, committed 1280K, reserved 1048576K

Card table byte_map: [0x000000011dc81000,0x000000011de82000] byte_map_base: 0x000000011a081000

Marking Bits: (ParMarkBitMap*) 0x000000010e2670a0
 Begin Bits: [0x000000011e3e4000, 0x000000011f3e4000)
 End Bits:   [0x000000011f3e4000, 0x00000001203e4000)

Polling page: 0x000000010d175000

CodeCache: size=245760Kb used=6427Kb max_used=6439Kb free=239332Kb
 bounds [0x000000010e8c1000, 0x000000010ef11000, 0x000000011d8c1000]
 total_blobs=2058 nmethods=1584 adapters=390
 compilation: enabled

Compilation events (10 events):
Event: 128.737 Thread 0x00007ff2bd01d800 1582       3       java.awt.EventQueue::postEvent (172 bytes)
Event: 128.739 Thread 0x00007ff2bd01d800 nmethod 1582 0x000000010ef09b10 code [0x000000010ef09de0, 0x000000010ef0af18]
Event: 129.887 Thread 0x00007ff2bd01d800 1583       3       java.lang.Math::max (11 bytes)
Event: 129.888 Thread 0x00007ff2bd01d800 nmethod 1583 0x000000010ef0b810 code [0x000000010ef0b960, 0x000000010ef0bad0]
Event: 129.888 Thread 0x00007ff2bb840800 1584       4       com.brackeen.javagamebook.tilegame.TileMap::setTile (10 bytes)
Event: 129.889 Thread 0x00007ff2bb840800 nmethod 1584 0x000000010ef0e890 code [0x000000010ef0e9e0, 0x000000010ef0eb18]
Event: 132.816 Thread 0x00007ff2bd01d800 1585       1       java.lang.reflect.Constructor::getDeclaringClass (5 bytes)
Event: 132.816 Thread 0x00007ff2bd01d800 nmethod 1585 0x000000010ef0e5d0 code [0x000000010ef0e720, 0x000000010ef0e830]
Event: 135.840 Thread 0x00007ff2bd014800 1586 %     4       com.brackeen.javagamebook.test.GameCore::gameLoop @ 6 (62 bytes)
Event: 135.845 Thread 0x00007ff2bd014800 nmethod 1586% 0x000000010ef0ca90 code [0x000000010ef0cc20, 0x000000010ef0ce10]

GC Heap History (10 events):
Event: 128.381 GC heap before
{Heap before GC invocations=56 (full 0):
 PSYoungGen      total 10752K, used 10304K [0x00000007aab00000, 0x00000007ab680000, 0x00000007c0000000)
  eden space 10240K, 100% used [0x00000007aab00000,0x00000007ab500000,0x00000007ab500000)
  from space 512K, 12% used [0x00000007ab580000,0x00000007ab590000,0x00000007ab600000)
  to   space 512K, 0% used [0x00000007ab600000,0x00000007ab600000,0x00000007ab680000)
 ParOldGen       total 64000K, used 12303K [0x0000000780000000, 0x0000000783e80000, 0x00000007aab00000)
  object space 64000K, 19% used [0x0000000780000000,0x0000000780c03fd8,0x0000000783e80000)
 Metaspace       used 10314K, capacity 10406K, committed 10496K, reserved 1058816K
  class space    used 1219K, capacity 1278K, committed 1280K, reserved 1048576K
Event: 128.382 GC heap after
Heap after GC invocations=56 (full 0):
 PSYoungGen      total 10752K, used 96K [0x00000007aab00000, 0x00000007ab680000, 0x00000007c0000000)
  eden space 10240K, 0% used [0x00000007aab00000,0x00000007aab00000,0x00000007ab500000)
  from space 512K, 18% used [0x00000007ab600000,0x00000007ab618000,0x00000007ab680000)
  to   space 512K, 0% used [0x00000007ab580000,0x00000007ab580000,0x00000007ab600000)
 ParOldGen       total 64000K, used 12311K [0x0000000780000000, 0x0000000783e80000, 0x00000007aab00000)
  object space 64000K, 19% used [0x0000000780000000,0x0000000780c05fd8,0x0000000783e80000)
 Metaspace       used 10314K, capacity 10406K, committed 10496K, reserved 1058816K
  class space    used 1219K, capacity 1278K, committed 1280K, reserved 1048576K
}
Event: 131.112 GC heap before
{Heap before GC invocations=57 (full 0):
 PSYoungGen      total 10752K, used 10336K [0x00000007aab00000, 0x00000007ab680000, 0x00000007c0000000)
  eden space 10240K, 100% used [0x00000007aab00000,0x00000007ab500000,0x00000007ab500000)
  from space 512K, 18% used [0x00000007ab600000,0x00000007ab618000,0x00000007ab680000)
  to   space 512K, 0% used [0x00000007ab580000,0x00000007ab580000,0x00000007ab600000)
 ParOldGen       total 64000K, used 12311K [0x0000000780000000, 0x0000000783e80000, 0x00000007aab00000)
  object space 64000K, 19% used [0x0000000780000000,0x0000000780c05fd8,0x0000000783e80000)
 Metaspace       used 10314K, capacity 10406K, committed 10496K, reserved 1058816K
  class space    used 1219K, capacity 1278K, committed 1280K, reserved 1048576K
Event: 131.114 GC heap after
Heap after GC invocations=57 (full 0):
 PSYoungGen      total 10752K, used 128K [0x00000007aab00000, 0x00000007ab680000, 0x00000007c0000000)
  eden space 10240K, 0% used [0x00000007aab00000,0x00000007aab00000,0x00000007ab500000)
  from space 512K, 25% used [0x00000007ab580000,0x00000007ab5a0000,0x00000007ab600000)
  to   space 512K, 0% used [0x00000007ab600000,0x00000007ab600000,0x00000007ab680000)
 ParOldGen       total 64000K, used 12335K [0x0000000780000000, 0x0000000783e80000, 0x00000007aab00000)
  object space 64000K, 19% used [0x0000000780000000,0x0000000780c0bfd8,0x0000000783e80000)
 Metaspace       used 10314K, capacity 10406K, committed 10496K, reserved 1058816K
  class space    used 1219K, capacity 1278K, committed 1280K, reserved 1048576K
}
Event: 133.828 GC heap before
{Heap before GC invocations=58 (full 0):
 PSYoungGen      total 10752K, used 10368K [0x00000007aab00000, 0x00000007ab680000, 0x00000007c0000000)
  eden space 10240K, 100% used [0x00000007aab00000,0x00000007ab500000,0x00000007ab500000)
  from space 512K, 25% used [0x00000007ab580000,0x00000007ab5a0000,0x00000007ab600000)
  to   space 512K, 0% used [0x00000007ab600000,0x00000007ab600000,0x00000007ab680000)
 ParOldGen       total 64000K, used 12335K [0x0000000780000000, 0x0000000783e80000, 0x00000007aab00000)
  object space 64000K, 19% used [0x0000000780000000,0x0000000780c0bfd8,0x0000000783e80000)
 Metaspace       used 10322K, capacity 10418K, committed 10496K, reserved 1058816K
  class space    used 1220K, capacity 1280K, committed 1280K, reserved 1048576K
Event: 133.829 GC heap after
Heap after GC invocations=58 (full 0):
 PSYoungGen      total 10752K, used 128K [0x00000007aab00000, 0x00000007ab680000, 0x00000007c0000000)
  eden space 10240K, 0% used [0x00000007aab00000,0x00000007aab00000,0x00000007ab500000)
  from space 512K, 25% used [0x00000007ab600000,0x00000007ab620000,0x00000007ab680000)
  to   space 512K, 0% used [0x00000007ab580000,0x00000007ab580000,0x00000007ab600000)
 ParOldGen       total 64000K, used 12343K [0x0000000780000000, 0x0000000783e80000, 0x00000007aab00000)
  object space 64000K, 19% used [0x0000000780000000,0x0000000780c0dfd8,0x0000000783e80000)
 Metaspace       used 10322K, capacity 10418K, committed 10496K, reserved 1058816K
  class space    used 1220K, capacity 1280K, committed 1280K, reserved 1048576K
}
Event: 136.574 GC heap before
{Heap before GC invocations=59 (full 0):
 PSYoungGen      total 10752K, used 10368K [0x00000007aab00000, 0x00000007ab680000, 0x00000007c0000000)
  eden space 10240K, 100% used [0x00000007aab00000,0x00000007ab500000,0x00000007ab500000)
  from space 512K, 25% used [0x00000007ab600000,0x00000007ab620000,0x00000007ab680000)
  to   space 512K, 0% used [0x00000007ab580000,0x00000007ab580000,0x00000007ab600000)
 ParOldGen       total 64000K, used 12343K [0x0000000780000000, 0x0000000783e80000, 0x00000007aab00000)
  object space 64000K, 19% used [0x0000000780000000,0x0000000780c0dfd8,0x0000000783e80000)
 Metaspace       used 10322K, capacity 10418K, committed 10496K, reserved 1058816K
  class space    used 1220K, capacity 1280K, committed 1280K, reserved 1048576K
Event: 136.575 GC heap after
Heap after GC invocations=59 (full 0):
 PSYoungGen      total 10752K, used 96K [0x00000007aab00000, 0x00000007ab680000, 0x00000007c0000000)
  eden space 10240K, 0% used [0x00000007aab00000,0x00000007aab00000,0x00000007ab500000)
  from space 512K, 18% used [0x00000007ab580000,0x00000007ab598000,0x00000007ab600000)
  to   space 512K, 0% used [0x00000007ab600000,0x00000007ab600000,0x00000007ab680000)
 ParOldGen       total 64000K, used 12383K [0x0000000780000000, 0x0000000783e80000, 0x00000007aab00000)
  object space 64000K, 19% used [0x0000000780000000,0x0000000780c17fd8,0x0000000783e80000)
 Metaspace       used 10322K, capacity 10418K, committed 10496K, reserved 1058816K
  class space    used 1220K, capacity 1280K, committed 1280K, reserved 1048576K
}
Event: 139.282 GC heap before
{Heap before GC invocations=60 (full 0):
 PSYoungGen      total 10752K, used 10336K [0x00000007aab00000, 0x00000007ab680000, 0x00000007c0000000)
  eden space 10240K, 100% used [0x00000007aab00000,0x00000007ab500000,0x00000007ab500000)
  from space 512K, 18% used [0x00000007ab580000,0x00000007ab598000,0x00000007ab600000)
  to   space 512K, 0% used [0x00000007ab600000,0x00000007ab600000,0x00000007ab680000)
 ParOldGen       total 64000K, used 12383K [0x0000000780000000, 0x0000000783e80000, 0x00000007aab00000)
  object space 64000K, 19% used [0x0000000780000000,0x0000000780c17fd8,0x0000000783e80000)
 Metaspace       used 10322K, capacity 10418K, committed 10496K, reserved 1058816K
  class space    used 1220K, capacity 1280K, committed 1280K, reserved 1048576K
Event: 139.283 GC heap after
Heap after GC invocations=60 (full 0):
 PSYoungGen      total 10752K, used 64K [0x00000007aab00000, 0x00000007ab680000, 0x00000007c0000000)
  eden space 10240K, 0% used [0x00000007aab00000,0x00000007aab00000,0x00000007ab500000)
  from space 512K, 12% used [0x00000007ab600000,0x00000007ab610000,0x00000007ab680000)
  to   space 512K, 0% used [0x00000007ab580000,0x00000007ab580000,0x00000007ab600000)
 ParOldGen       total 64000K, used 12383K [0x0000000780000000, 0x0000000783e80000, 0x00000007aab00000)
  object space 64000K, 19% used [0x0000000780000000,0x0000000780c17fd8,0x0000000783e80000)
 Metaspace       used 10322K, capacity 10418K, committed 10496K, reserved 1058816K
  class space    used 1220K, capacity 1280K, committed 1280K, reserved 1048576K
}

Deoptimization events (10 events):
Event: 76.781 Thread 0x00007ff2bc008000 Uncommon trap: reason=class_check action=maybe_recompile pc=0x000000010edc08c4 method=com.brackeen.javagamebook.tilegame.sprites.Creature.wakeUp()V @ 18
Event: 109.480 Thread 0x00007ff2bc008000 Uncommon trap: reason=class_check action=maybe_recompile pc=0x000000010edc08c4 method=com.brackeen.javagamebook.tilegame.sprites.Creature.wakeUp()V @ 18
Event: 110.008 Thread 0x00007ff2bc008000 Uncommon trap: reason=class_check action=maybe_recompile pc=0x000000010edc08c4 method=com.brackeen.javagamebook.tilegame.sprites.Creature.wakeUp()V @ 18
Event: 111.105 Thread 0x00007ff2bc008000 Uncommon trap: reason=bimorphic action=maybe_recompile pc=0x000000010eef68d8 method=com.brackeen.javagamebook.tilegame.sprites.Creature.wakeUp()V @ 18
Event: 112.422 Thread 0x00007ff2bc008000 Uncommon trap: reason=bimorphic action=maybe_recompile pc=0x000000010ee78acc method=com.brackeen.javagamebook.tilegame.GameManager.updateCreature(Lcom/brackeen/javagamebook/tilegame/sprites/Creature;J)V @ 121
Event: 140.837 Thread 0x00007ff2bc008000 Uncommon trap: reason=class_check action=maybe_recompile pc=0x000000010ee8e130 method=com.sun.media.sound.EventDispatcher.sendAudioEvents(Ljava/lang/Object;Ljava/util/List;)V @ 5
Event: 140.837 Thread 0x00007ff2bc008000 Uncommon trap: reason=class_check action=maybe_recompile pc=0x000000010ee8e130 method=com.sun.media.sound.EventDispatcher.sendAudioEvents(Ljava/lang/Object;Ljava/util/List;)V @ 5
Event: 140.880 Thread 0x00007ff2bc008000 Uncommon trap: reason=class_check action=maybe_recompile pc=0x000000010ee8e130 method=com.sun.media.sound.EventDispatcher.sendAudioEvents(Ljava/lang/Object;Ljava/util/List;)V @ 5
Event: 140.880 Thread 0x00007ff2bc008000 Uncommon trap: reason=unreached action=reinterpret pc=0x000000010ed8d0e4 method=java.util.HashMap.clear()V @ 16
Event: 140.881 Thread 0x00007ff2bd2ca000 Uncommon trap: reason=unloaded action=reinterpret pc=0x000000010ee5b710 method=com.sun.media.sound.RealTimeSequencer.start()V @ 7

Internal exceptions (10 events):
Event: 8.471 Thread 0x00007ff2bc008000 Exception <a 'java/security/PrivilegedActionException'> (0x00000007aabdc130) thrown at [/HUDSON3/workspace/8-2-build-macosx-x86_64/jdk8u11/648/hotspot/src/share/vm/prims/jvm.cpp, line 1248]
Event: 8.580 Thread 0x00007ff2bc9f8000 Exception <a 'java/security/PrivilegedActionException'> (0x00000007aabf1350) thrown at [/HUDSON3/workspace/8-2-build-macosx-x86_64/jdk8u11/648/hotspot/src/share/vm/prims/jvm.cpp, line 1248]
Event: 8.580 Thread 0x00007ff2bc9f8000 Exception <a 'java/security/PrivilegedActionException'> (0x00000007aabf2a18) thrown at [/HUDSON3/workspace/8-2-build-macosx-x86_64/jdk8u11/648/hotspot/src/share/vm/prims/jvm.cpp, line 1248]
Event: 8.670 Thread 0x00007ff2bc008000 Exception <a 'java/security/PrivilegedActionException'> (0x00000007aab4c570) thrown at [/HUDSON3/workspace/8-2-build-macosx-x86_64/jdk8u11/648/hotspot/src/share/vm/prims/jvm.cpp, line 1248]
Event: 8.684 Thread 0x00007ff2bc008000 Exception <a 'java/security/PrivilegedActionException'> (0x00000007aab543f8) thrown at [/HUDSON3/workspace/8-2-build-macosx-x86_64/jdk8u11/648/hotspot/src/share/vm/prims/jvm.cpp, line 1248]
Event: 8.719 Thread 0x00007ff2bc008000 Exception <a 'java/security/PrivilegedActionException'> (0x00000007aab5a2b0) thrown at [/HUDSON3/workspace/8-2-build-macosx-x86_64/jdk8u11/648/hotspot/src/share/vm/prims/jvm.cpp, line 1248]
Event: 8.741 Thread 0x00007ff2bc008000 Exception <a 'java/security/PrivilegedActionException'> (0x00000007aab5dfb8) thrown at [/HUDSON3/workspace/8-2-build-macosx-x86_64/jdk8u11/648/hotspot/src/share/vm/prims/jvm.cpp, line 1248]
Event: 10.418 Thread 0x00007ff2bc008000 Exception <a 'java/security/PrivilegedActionException'> (0x00000007aab9f5e8) thrown at [/HUDSON3/workspace/8-2-build-macosx-x86_64/jdk8u11/648/hotspot/src/share/vm/prims/jvm.cpp, line 1248]
Event: 10.542 Thread 0x00007ff2bc008000 Exception <a 'java/security/PrivilegedActionException'> (0x00000007aabc45d0) thrown at [/HUDSON3/workspace/8-2-build-macosx-x86_64/jdk8u11/648/hotspot/src/share/vm/prims/jvm.cpp, line 1248]
Event: 140.880 Thread 0x00007ff2bc008000 Implicit null exception at 0x000000010ed8d013 to 0x000000010ed8d0d1

Events (10 events):
Event: 140.880 Thread 0x00007ff2bc008000 DEOPT PACKING pc=0x000000010ee8e130 sp=0x000000010d12fe40
Event: 140.880 Thread 0x00007ff2bc008000 DEOPT UNPACKING pc=0x000000010e908250 sp=0x000000010d12fe30 mode 2
Event: 140.880 Thread 0x00007ff2bc008000 Uncommon trap: trap_request=0xffffffad fr.pc=0x000000010ed8d0e4
Event: 140.880 Thread 0x00007ff2bc008000 DEOPT PACKING pc=0x000000010ed8d0e4 sp=0x000000010d1300d0
Event: 140.881 Thread 0x00007ff2bc008000 DEOPT UNPACKING pc=0x000000010e908250 sp=0x000000010d130088 mode 2
Event: 140.881 Thread 0x00007ff2bd2ca000 Uncommon trap: trap_request=0x0000002d fr.pc=0x000000010ee5b710
Event: 140.881 Thread 0x00007ff2bd2ca000 DEOPT PACKING pc=0x000000010ee5b710 sp=0x000000012b90f7c0
Event: 140.881 Thread 0x00007ff2bd2ca000 DEOPT UNPACKING pc=0x000000010e908250 sp=0x000000012b90f700 mode 2
Event: 140.882 loading class java/awt/Window$1DisposeAction
Event: 140.882 loading class java/awt/Window$1DisposeAction done


Dynamic libraries:
0x000000000b3c4000 	/System/Library/Frameworks/Cocoa.framework/Versions/A/Cocoa
0x000000000b3c4000 	/System/Library/Frameworks/Security.framework/Versions/A/Security
0x000000000b3c4000 	/System/Library/Frameworks/ApplicationServices.framework/Versions/A/ApplicationServices
0x000000000b3c4000 	/usr/lib/libz.1.dylib
0x000000000b3c4000 	/usr/lib/libSystem.B.dylib
0x000000000b3c4000 	/usr/lib/libobjc.A.dylib
0x000000000b3c4000 	/System/Library/Frameworks/CoreFoundation.framework/Versions/A/CoreFoundation
0x000000000b3c4000 	/System/Library/Frameworks/Foundation.framework/Versions/C/Foundation
0x000000000b3c4000 	/System/Library/Frameworks/AppKit.framework/Versions/C/AppKit
0x000000000b3c4000 	/System/Library/Frameworks/CoreData.framework/Versions/A/CoreData
0x000000000b3c4000 	/System/Library/PrivateFrameworks/RemoteViewServices.framework/Versions/A/RemoteViewServices
0x000000000b3c4000 	/System/Library/Frameworks/AudioToolbox.framework/Versions/A/AudioToolbox
0x000000000b3c4000 	/System/Library/Frameworks/AudioUnit.framework/Versions/A/AudioUnit
0x000000000b3c4000 	/System/Library/PrivateFrameworks/DataDetectorsCore.framework/Versions/A/DataDetectorsCore
0x000000000b3c4000 	/System/Library/PrivateFrameworks/DesktopServicesPriv.framework/Versions/A/DesktopServicesPriv
0x000000000b3c4000 	/System/Library/Frameworks/Carbon.framework/Versions/A/Frameworks/HIToolbox.framework/Versions/A/HIToolbox
0x000000000b3c4000 	/System/Library/Frameworks/QuartzCore.framework/Versions/A/QuartzCore
0x000000000b3c4000 	/System/Library/Frameworks/Carbon.framework/Versions/A/Frameworks/SpeechRecognition.framework/Versions/A/SpeechRecognition
0x000000000b3c4000 	/usr/lib/libauto.dylib
0x000000000b3c4000 	/usr/lib/libicucore.A.dylib
0x000000000b3c4000 	/usr/lib/libxml2.2.dylib
0x000000000b3c4000 	/System/Library/PrivateFrameworks/CoreUI.framework/Versions/A/CoreUI
0x000000000b3c4000 	/System/Library/Frameworks/CoreAudio.framework/Versions/A/CoreAudio
0x000000000b3c4000 	/System/Library/Frameworks/DiskArbitration.framework/Versions/A/DiskArbitration
0x000000000b3c4000 	/usr/lib/liblangid.dylib
0x000000000b3c4000 	/System/Library/PrivateFrameworks/MultitouchSupport.framework/Versions/A/MultitouchSupport
0x000000000b3c4000 	/System/Library/Frameworks/IOKit.framework/Versions/A/IOKit
0x000000000b3c4000 	/usr/lib/libDiagnosticMessagesClient.dylib
0x000000000b3c4000 	/System/Library/Frameworks/CoreServices.framework/Versions/A/CoreServices
0x000000000b3c4000 	/System/Library/PrivateFrameworks/PerformanceAnalysis.framework/Versions/A/PerformanceAnalysis
0x000000000b3c4000 	/System/Library/PrivateFrameworks/GenerationalStorage.framework/Versions/A/GenerationalStorage
0x000000000b3c4000 	/System/Library/Frameworks/OpenGL.framework/Versions/A/OpenGL
0x000000000b3c4000 	/System/Library/PrivateFrameworks/Sharing.framework/Versions/A/Sharing
0x000000000b3c4000 	/System/Library/Frameworks/ImageIO.framework/Versions/A/ImageIO
0x000000000b3c4000 	/System/Library/Frameworks/CoreText.framework/Versions/A/CoreText
0x000000000b3c4000 	/System/Library/Frameworks/CoreGraphics.framework/Versions/A/CoreGraphics
0x000000000b3c4000 	/System/Library/PrivateFrameworks/Backup.framework/Versions/A/Backup
0x000000000b3c4000 	/System/Library/Frameworks/CFNetwork.framework/Versions/A/CFNetwork
0x000000000b3c4000 	/System/Library/Frameworks/SystemConfiguration.framework/Versions/A/SystemConfiguration
0x000000000b3c4000 	/usr/lib/libCRFSuite.dylib
0x000000000b3c4000 	/usr/lib/libc++.1.dylib
0x000000000b3c4000 	/usr/lib/libc++abi.dylib
0x000000000b3c4000 	/usr/lib/system/libcache.dylib
0x000000000b3c4000 	/usr/lib/system/libcommonCrypto.dylib
0x000000000b3c4000 	/usr/lib/system/libcompiler_rt.dylib
0x000000000b3c4000 	/usr/lib/system/libcopyfile.dylib
0x000000000b3c4000 	/usr/lib/system/libcorecrypto.dylib
0x000000000b3c4000 	/usr/lib/system/libdispatch.dylib
0x000000000b3c4000 	/usr/lib/system/libdyld.dylib
0x000000000b3c4000 	/usr/lib/system/libkeymgr.dylib
0x000000000b3c4000 	/usr/lib/system/liblaunch.dylib
0x000000000b3c4000 	/usr/lib/system/libmacho.dylib
0x000000000b3c4000 	/usr/lib/system/libquarantine.dylib
0x000000000b3c4000 	/usr/lib/system/libremovefile.dylib
0x000000000b3c4000 	/usr/lib/system/libsystem_asl.dylib
0x000000000b3c4000 	/usr/lib/system/libsystem_blocks.dylib
0x000000000b3c4000 	/usr/lib/system/libsystem_c.dylib
0x000000000b3c4000 	/usr/lib/system/libsystem_configuration.dylib
0x000000000b3c4000 	/usr/lib/system/libsystem_dnssd.dylib
0x000000000b3c4000 	/usr/lib/system/libsystem_info.dylib
0x000000000b3c4000 	/usr/lib/system/libsystem_kernel.dylib
0x000000000b3c4000 	/usr/lib/system/libsystem_m.dylib
0x000000000b3c4000 	/usr/lib/system/libsystem_malloc.dylib
0x000000000b3c4000 	/usr/lib/system/libsystem_network.dylib
0x000000000b3c4000 	/usr/lib/system/libsystem_notify.dylib
0x000000000b3c4000 	/usr/lib/system/libsystem_platform.dylib
0x000000000b3c4000 	/usr/lib/system/libsystem_pthread.dylib
0x000000000b3c4000 	/usr/lib/system/libsystem_sandbox.dylib
0x000000000b3c4000 	/usr/lib/system/libsystem_stats.dylib
0x000000000b3c4000 	/usr/lib/system/libunc.dylib
0x000000000b3c4000 	/usr/lib/system/libunwind.dylib
0x000000000b3c4000 	/usr/lib/system/libxpc.dylib
0x000000000b3c4000 	/usr/lib/libbsm.0.dylib
0x000000000b3c4000 	/usr/lib/libsqlite3.dylib
0x000000000b3c4000 	/usr/lib/libxar.1.dylib
0x000000000b3c4000 	/usr/lib/libpam.2.dylib
0x000000000b3c4000 	/usr/lib/libOpenScriptingUtil.dylib
0x000000000b3c4000 	/usr/lib/libbz2.1.0.dylib
0x000000000b3c4000 	/System/Library/Frameworks/CoreServices.framework/Versions/A/Frameworks/CarbonCore.framework/Versions/A/CarbonCore
0x000000000b3c4000 	/System/Library/Frameworks/CoreServices.framework/Versions/A/Frameworks/Metadata.framework/Versions/A/Metadata
0x000000000b3c4000 	/System/Library/Frameworks/CoreServices.framework/Versions/A/Frameworks/OSServices.framework/Versions/A/OSServices
0x000000000b3c4000 	/System/Library/Frameworks/CoreServices.framework/Versions/A/Frameworks/SearchKit.framework/Versions/A/SearchKit
0x000000000b3c4000 	/System/Library/Frameworks/CoreServices.framework/Versions/A/Frameworks/AE.framework/Versions/A/AE
0x000000000b3c4000 	/System/Library/Frameworks/CoreServices.framework/Versions/A/Frameworks/LaunchServices.framework/Versions/A/LaunchServices
0x000000000b3c4000 	/System/Library/Frameworks/CoreServices.framework/Versions/A/Frameworks/DictionaryServices.framework/Versions/A/DictionaryServices
0x000000000b3c4000 	/System/Library/Frameworks/NetFS.framework/Versions/A/NetFS
0x000000000b3c4000 	/usr/lib/system/libkxld.dylib
0x000000000b3c4000 	/System/Library/PrivateFrameworks/NetAuth.framework/Versions/A/NetAuth
0x000000000b3c4000 	/System/Library/PrivateFrameworks/TCC.framework/Versions/A/TCC
0x000000000b3c4000 	/System/Library/Frameworks/OpenDirectory.framework/Versions/A/Frameworks/CFOpenDirectory.framework/Versions/A/CFOpenDirectory
0x000000000b3c4000 	/System/Library/Frameworks/ServiceManagement.framework/Versions/A/ServiceManagement
0x000000000b3c4000 	/usr/lib/libxslt.1.dylib
0x000000000b3c4000 	/System/Library/Frameworks/Carbon.framework/Versions/A/Frameworks/Ink.framework/Versions/A/Ink
0x000000000b3c4000 	/System/Library/Frameworks/ApplicationServices.framework/Versions/A/Frameworks/ATS.framework/Versions/A/ATS
0x000000000b3c4000 	/System/Library/Frameworks/ApplicationServices.framework/Versions/A/Frameworks/ColorSync.framework/Versions/A/ColorSync
0x000000000b3c4000 	/System/Library/Frameworks/ApplicationServices.framework/Versions/A/Frameworks/HIServices.framework/Versions/A/HIServices
0x000000000b3c4000 	/System/Library/Frameworks/ApplicationServices.framework/Versions/A/Frameworks/LangAnalysis.framework/Versions/A/LangAnalysis
0x000000000b3c4000 	/System/Library/Frameworks/ApplicationServices.framework/Versions/A/Frameworks/PrintCore.framework/Versions/A/PrintCore
0x000000000b3c4000 	/System/Library/Frameworks/ApplicationServices.framework/Versions/A/Frameworks/QD.framework/Versions/A/QD
0x000000000b3c4000 	/System/Library/Frameworks/ApplicationServices.framework/Versions/A/Frameworks/SpeechSynthesis.framework/Versions/A/SpeechSynthesis
0x000000000b3c4000 	/System/Library/Frameworks/IOSurface.framework/Versions/A/IOSurface
0x000000000b3c4000 	/System/Library/Frameworks/Accelerate.framework/Versions/A/Accelerate
0x000000000b3c4000 	/System/Library/Frameworks/Accelerate.framework/Versions/A/Frameworks/vImage.framework/Versions/A/vImage
0x000000000b3c4000 	/System/Library/Frameworks/Accelerate.framework/Versions/A/Frameworks/vecLib.framework/Versions/A/vecLib
0x000000000b3c4000 	/System/Library/Frameworks/Accelerate.framework/Versions/A/Frameworks/vecLib.framework/Versions/A/libvDSP.dylib
0x000000000b3c4000 	/System/Library/Frameworks/Accelerate.framework/Versions/A/Frameworks/vecLib.framework/Versions/A/libvMisc.dylib
0x000000000b3c4000 	/System/Library/Frameworks/Accelerate.framework/Versions/A/Frameworks/vecLib.framework/Versions/A/libLAPACK.dylib
0x000000000b3c4000 	/System/Library/Frameworks/Accelerate.framework/Versions/A/Frameworks/vecLib.framework/Versions/A/libBLAS.dylib
0x000000000b3c4000 	/System/Library/Frameworks/ApplicationServices.framework/Versions/A/Frameworks/ATS.framework/Versions/A/Resources/libFontParser.dylib
0x000000000b3c4000 	/System/Library/Frameworks/ApplicationServices.framework/Versions/A/Frameworks/ATS.framework/Versions/A/Resources/libFontRegistry.dylib
0x000000000b3c4000 	/System/Library/Frameworks/ImageIO.framework/Versions/A/Resources/libJPEG.dylib
0x000000000b3c4000 	/System/Library/Frameworks/ImageIO.framework/Versions/A/Resources/libTIFF.dylib
0x000000000b3c4000 	/System/Library/Frameworks/ImageIO.framework/Versions/A/Resources/libPng.dylib
0x000000000b3c4000 	/System/Library/Frameworks/ImageIO.framework/Versions/A/Resources/libGIF.dylib
0x000000000b3c4000 	/System/Library/Frameworks/ImageIO.framework/Versions/A/Resources/libJP2.dylib
0x000000000b3c4000 	/System/Library/Frameworks/ImageIO.framework/Versions/A/Resources/libRadiance.dylib
0x000000000b3c4000 	/usr/lib/libcups.2.dylib
0x000000000b3c4000 	/System/Library/Frameworks/Kerberos.framework/Versions/A/Kerberos
0x000000000b3c4000 	/System/Library/Frameworks/GSS.framework/Versions/A/GSS
0x000000000b3c4000 	/usr/lib/libresolv.9.dylib
0x000000000b3c4000 	/usr/lib/libiconv.2.dylib
0x000000000b3c4000 	/System/Library/PrivateFrameworks/Heimdal.framework/Versions/A/Heimdal
0x000000000b3c4000 	/System/Library/PrivateFrameworks/TrustEvaluationAgent.framework/Versions/A/TrustEvaluationAgent
0x000000000b3c4000 	/usr/lib/libheimdal-asn1.dylib
0x000000000b3c4000 	/System/Library/Frameworks/OpenDirectory.framework/Versions/A/OpenDirectory
0x000000000b3c4000 	/System/Library/PrivateFrameworks/CommonAuth.framework/Versions/A/CommonAuth
0x000000000b3c4000 	/System/Library/Frameworks/SecurityFoundation.framework/Versions/A/SecurityFoundation
0x000000000b3c4000 	/System/Library/PrivateFrameworks/Bom.framework/Versions/A/Bom
0x000000000b3c4000 	/System/Library/Frameworks/CoreVideo.framework/Versions/A/CoreVideo
0x000000000b3c4000 	/System/Library/Frameworks/QuartzCore.framework/Versions/A/Frameworks/CoreImage.framework/Versions/A/CoreImage
0x000000000b3c4000 	/System/Library/Frameworks/QuartzCore.framework/Versions/A/Frameworks/ScalableUserInterface.framework/Versions/A/ScalableUserInterface
0x000000000b3c4000 	/System/Library/Frameworks/OpenGL.framework/Versions/A/Libraries/libGLU.dylib
0x000000000b3c4000 	/System/Library/Frameworks/OpenGL.framework/Versions/A/Libraries/libGFXShared.dylib
0x000000000b3c4000 	/System/Library/Frameworks/OpenGL.framework/Versions/A/Libraries/libGL.dylib
0x000000000b3c4000 	/System/Library/Frameworks/OpenGL.framework/Versions/A/Libraries/libGLImage.dylib
0x000000000b3c4000 	/System/Library/Frameworks/OpenGL.framework/Versions/A/Libraries/libCVMSPluginSupport.dylib
0x000000000b3c4000 	/System/Library/Frameworks/OpenGL.framework/Versions/A/Libraries/libCoreVMClient.dylib
0x000000000b3c4000 	/System/Library/PrivateFrameworks/FaceCore.framework/Versions/A/FaceCore
0x000000000b3c4000 	/System/Library/PrivateFrameworks/CrashReporterSupport.framework/Versions/A/CrashReporterSupport
0x000000000b3c4000 	/System/Library/Frameworks/OpenCL.framework/Versions/A/OpenCL
0x000000000b3c4000 	/System/Library/PrivateFrameworks/AppleFSCompression.framework/Versions/A/AppleFSCompression
0x000000000b3c4000 	/System/Library/PrivateFrameworks/Ubiquity.framework/Versions/A/Ubiquity
0x000000000b3c4000 	/System/Library/PrivateFrameworks/IconServices.framework/Versions/A/IconServices
0x000000000b3c4000 	/System/Library/PrivateFrameworks/ChunkingLibrary.framework/Versions/A/ChunkingLibrary
0x000000000b3c4000 	/System/Library/PrivateFrameworks/CoreSymbolication.framework/Versions/A/CoreSymbolication
0x000000000b3c4000 	/System/Library/PrivateFrameworks/Symbolication.framework/Versions/A/Symbolication
0x000000000b3c4000 	/System/Library/PrivateFrameworks/DebugSymbols.framework/Versions/A/DebugSymbols
0x000000010da00000 	/Library/Java/JavaVirtualMachines/jdk1.8.0_11.jdk/Contents/Home/jre/lib/server/libjvm.dylib
0x000000000b3c4000 	/usr/lib/libstdc++.6.dylib
0x000000010d133000 	/Library/Java/JavaVirtualMachines/jdk1.8.0_11.jdk/Contents/Home/jre/lib/libverify.dylib
0x000000010d141000 	/Library/Java/JavaVirtualMachines/jdk1.8.0_11.jdk/Contents/Home/jre/lib/libjava.dylib
0x000000010d17f000 	/Library/Java/JavaVirtualMachines/jdk1.8.0_11.jdk/Contents/Home/jre/lib/libzip.dylib
0x000000010d1e5000 	/System/Library/Frameworks/JavaVM.framework/Frameworks/JavaRuntimeSupport.framework/JavaRuntimeSupport
0x0000000122370000 	/System/Library/Frameworks/JavaVM.framework/Versions/A/Frameworks/JavaNativeFoundation.framework/Versions/A/JavaNativeFoundation
0x0000000122385000 	/System/Library/Frameworks/JavaVM.framework/Versions/A/JavaVM
0x000000000b3c4000 	/System/Library/Frameworks/Carbon.framework/Versions/A/Carbon
0x0000000122392000 	/System/Library/PrivateFrameworks/JavaLaunching.framework/Versions/A/JavaLaunching
0x000000000b3c4000 	/System/Library/Frameworks/Carbon.framework/Versions/A/Frameworks/CommonPanels.framework/Versions/A/CommonPanels
0x000000000b3c4000 	/System/Library/Frameworks/Carbon.framework/Versions/A/Frameworks/Help.framework/Versions/A/Help
0x000000000b3c4000 	/System/Library/Frameworks/Carbon.framework/Versions/A/Frameworks/ImageCapture.framework/Versions/A/ImageCapture
0x000000000b3c4000 	/System/Library/Frameworks/Carbon.framework/Versions/A/Frameworks/OpenScripting.framework/Versions/A/OpenScripting
0x000000000b3c4000 	/System/Library/Frameworks/Carbon.framework/Versions/A/Frameworks/Print.framework/Versions/A/Print
0x000000000b3c4000 	/System/Library/Frameworks/Carbon.framework/Versions/A/Frameworks/SecurityHI.framework/Versions/A/SecurityHI
0x0000000122b00000 	/Library/Java/JavaVirtualMachines/jdk1.8.0_11.jdk/Contents/Home/jre/lib/libawt.dylib
0x0000000122baf000 	/Library/Java/JavaVirtualMachines/jdk1.8.0_11.jdk/Contents/Home/jre/lib/./libmlib_image.dylib
0x0000000122c7b000 	/Library/Java/JavaVirtualMachines/jdk1.8.0_11.jdk/Contents/Home/jre/lib/libawt_lwawt.dylib
0x0000000122d2d000 	/Library/Java/JavaVirtualMachines/jdk1.8.0_11.jdk/Contents/Home/jre/lib/./libosxapp.dylib
0x000000000b3c4000 	/System/Library/Frameworks/ExceptionHandling.framework/Versions/A/ExceptionHandling
0x000000000b3c4000 	/System/Library/PrivateFrameworks/CoreServicesInternal.framework/Versions/A/CoreServicesInternal
0x000000000b3c4000 	/System/Library/PrivateFrameworks/Librarian.framework/Versions/A/Librarian
0x000000000b3c4000 	/System/Library/Frameworks/CoreGraphics.framework/Versions/A/Resources/libCGCMS.A.dylib
0x000000000b3c4000 	/System/Library/Frameworks/CoreGraphics.framework/Versions/A/Resources/libRIP.A.dylib
0x000000000b3c4000 	/System/Library/Frameworks/CoreGraphics.framework/Versions/A/Resources/libCGXType.A.dylib
0x000000000b3c4000 	/System/Library/PrivateFrameworks/FamilyControls.framework/Versions/A/FamilyControls
0x000000000b3c4000 	/System/Library/PrivateFrameworks/CommerceKit.framework/Versions/A/Frameworks/CommerceCore.framework/Versions/A/CommerceCore
0x000000000b3c4000 	/System/Library/PrivateFrameworks/SystemAdministration.framework/Versions/A/SystemAdministration
0x000000000b3c4000 	/System/Library/Frameworks/DirectoryService.framework/Versions/A/DirectoryService
0x000000000b3c4000 	/System/Library/PrivateFrameworks/DiskImages.framework/Versions/A/DiskImages
0x000000000b3c4000 	/System/Library/PrivateFrameworks/LoginUIKit.framework/Versions/A/Frameworks/LoginUICore.framework/Versions/A/LoginUICore
0x000000000b3c4000 	/usr/lib/libCoreStorage.dylib
0x000000000b3c4000 	/usr/lib/libcsfde.dylib
0x000000000b3c4000 	/usr/lib/libodfde.dylib
0x000000000b3c4000 	/System/Library/Frameworks/DiscRecording.framework/Versions/A/DiscRecording
0x000000000b3c4000 	/usr/lib/libcurl.4.dylib
0x000000000b3c4000 	/System/Library/PrivateFrameworks/MediaKit.framework/Versions/A/MediaKit
0x000000000b3c4000 	/System/Library/PrivateFrameworks/EFILogin.framework/Versions/A/EFILogin
0x000000000b3c4000 	/usr/lib/libutil.dylib
0x000000000b3c4000 	/System/Library/PrivateFrameworks/AOSNotification.framework/Versions/A/AOSNotification
0x000000000b3c4000 	/System/Library/Frameworks/LDAP.framework/Versions/A/LDAP
0x000000000b3c4000 	/usr/lib/libsasl2.2.dylib
0x000000000b3c4000 	/usr/lib/libcrypto.0.9.8.dylib
0x000000000b3c4000 	/usr/lib/libssl.0.9.8.dylib
0x000000000b3c4000 	/System/Library/Frameworks/OpenGL.framework/Versions/A/Resources/GLEngine.bundle/GLEngine
0x000000000b3c4000 	/System/Library/Frameworks/OpenGL.framework/Versions/A/Libraries/libGLProgrammability.dylib
0x0000000000000000 	/System/Library/Extensions/AppleIntelHD4000GraphicsGLDriver.bundle/Contents/MacOS/AppleIntelHD4000GraphicsGLDriver
0x000000000b3c4000 	/System/Library/PrivateFrameworks/IOAccelerator.framework/Versions/A/IOAccelerator
0x000000000b3c4000 	/System/Library/PrivateFrameworks/GPUSupport.framework/Versions/A/Libraries/libGPUSupportMercury.dylib
0x000000000b3c4000 	/System/Library/Frameworks/OpenGL.framework/Versions/A/Resources/GLRendererFloat.bundle/GLRendererFloat
0x000000000b3c4000 	/System/Library/Frameworks/OpenCL.framework/Versions/A/Libraries/libcldcpuengine.dylib
0x0000000127d05000 	/Library/Java/JavaVirtualMachines/jdk1.8.0_11.jdk/Contents/Home/jre/lib/libfontmanager.dylib
0x0000000127d6b000 	/Library/Java/JavaVirtualMachines/jdk1.8.0_11.jdk/Contents/Home/jre/lib/libosxui.dylib
0x0000000129983000 	/Library/Java/JavaVirtualMachines/jdk1.8.0_11.jdk/Contents/Home/jre/lib/libjsound.dylib
0x000000012ac83000 	/System/Library/Frameworks/CoreMIDI.framework/Versions/A/CoreMIDI
0x000000000b3c4000 	/usr/lib/libexpat.1.dylib
0x0000000129996000 	/System/Library/Extensions/AppleHDA.kext/Contents/PlugIns/AppleHDAHALPlugIn.bundle/Contents/MacOS/AppleHDAHALPlugIn
0x0000000124496000 	/Library/Java/JavaVirtualMachines/jdk1.8.0_11.jdk/Contents/Home/jre/lib/libosx.dylib
0x000000012b38d000 	/System/Library/Components/CoreAudio.component/Contents/MacOS/CoreAudio

VM Arguments:
jvm_args: -Dfile.encoding=UTF-8 
java_command: com.brackeen.javagamebook.tilegame.GameManager
java_class_path (initial): /Users/antoniojaviermejorado/NetBeansProjects/BrackeenGame/build/classes
Launcher Type: SUN_STANDARD

Environment Variables:
PATH=/usr/bin:/bin:/usr/sbin:/sbin
LD_LIBRARY_PATH=/Library/Java/JavaVirtualMachines/jdk1.8.0_11.jdk/Contents/Home/jre/lib/amd64:/Library/Java/JavaVirtualMachines/jdk1.8.0_11.jdk/Contents/Home/jre/lib/i386:
SHELL=/bin/bash
DYLD_LIBRARY_PATH=/Applications/NetBeans/NetBeans 8.0.app/Contents/Resources/NetBeans/webcommon/bin:

Signal Handlers:
SIGSEGV: [libjvm.dylib+0x56059b], sa_mask[0]=0xfffefeff, sa_flags=0x00000043
SIGBUS: [libjvm.dylib+0x56059b], sa_mask[0]=0xfffefeff, sa_flags=0x00000042
SIGFPE: [libjvm.dylib+0x4438f2], sa_mask[0]=0xfffefeff, sa_flags=0x00000042
SIGPIPE: [libjvm.dylib+0x4438f2], sa_mask[0]=0xfffefeff, sa_flags=0x00000042
SIGXFSZ: [libjvm.dylib+0x4438f2], sa_mask[0]=0xfffefeff, sa_flags=0x00000042
SIGILL: [libjvm.dylib+0x4438f2], sa_mask[0]=0xfffefeff, sa_flags=0x00000042
SIGUSR1: SIG_DFL, sa_mask[0]=0x00000000, sa_flags=0x00000002
SIGUSR2: [libjvm.dylib+0x443410], sa_mask[0]=0x00000004, sa_flags=0x00000042
SIGHUP: [libjvm.dylib+0x44179b], sa_mask[0]=0xfffefeff, sa_flags=0x00000042
SIGINT: SIG_IGN, sa_mask[0]=0x00000000, sa_flags=0x00000000
SIGTERM: [libjvm.dylib+0x44179b], sa_mask[0]=0xfffefeff, sa_flags=0x00000042
SIGQUIT: [libjvm.dylib+0x44179b], sa_mask[0]=0xfffefeff, sa_flags=0x00000042


---------------  S Y S T E M  ---------------

OS:Bsduname:Darwin 13.3.0 Darwin Kernel Version 13.3.0: Tue Jun  3 21:27:35 PDT 2014; root:xnu-2422.110.17~1/RELEASE_X86_64 x86_64
rlimit: STACK 8192k, CORE 0k, NPROC 709, NOFILE 10240, AS infinity
load average:2.48 2.98 4.20

CPU:total 4 (2 cores per cpu, 2 threads per core) family 6 model 58 stepping 9, cmov, cx8, fxsr, mmx, sse, sse2, sse3, ssse3, sse4.1, sse4.2, popcnt, avx, aes, clmul, erms, ht, tsc, tscinvbit

Memory: 4k page, physical 4194304k(116380k free)

/proc/meminfo:


vm_info: Java HotSpot(TM) 64-Bit Server VM (25.11-b03) for bsd-amd64 JRE (1.8.0_11-b12), built on Jun 16 2014 17:39:42 by "java_re" with gcc 4.2.1 (Based on Apple Inc. build 5658) (LLVM build 2336.11.00)

time: Wed Oct 22 17:55:37 2014
elapsed time: 143 seconds

